02:44:41.714 INFO - Selenium build info: version: '3.4.0', revision: 'unknown'
02:44:41.715 INFO - Launching a standalone Selenium Server
2017-07-10 02:44:41.733:INFO::main: Logging initialized @211ms to org.seleniumhq.jetty9.util.log.StdErrLog
02:44:41.778 INFO - Driver provider org.openqa.selenium.ie.InternetExplorerDriver registration is skipped:
 registration capabilities Capabilities [{ensureCleanSession=true, browserName=internet explorer, version=, platform=WINDOWS}] does not match the current platform LINUX
02:44:41.778 INFO - Driver provider org.openqa.selenium.edge.EdgeDriver registration is skipped:
 registration capabilities Capabilities [{browserName=MicrosoftEdge, version=, platform=WINDOWS}] does not match the current platform LINUX
02:44:41.778 INFO - Driver class not found: com.opera.core.systems.OperaDriver
02:44:41.778 INFO - Driver provider com.opera.core.systems.OperaDriver registration is skipped:
Unable to create new instances on this machine.
02:44:41.778 INFO - Driver class not found: com.opera.core.systems.OperaDriver
02:44:41.778 INFO - Driver provider com.opera.core.systems.OperaDriver is not registered
02:44:41.779 INFO - Driver provider org.openqa.selenium.safari.SafariDriver registration is skipped:
 registration capabilities Capabilities [{browserName=safari, version=, platform=MAC}] does not match the current platform LINUX
2017-07-10 02:44:41.821:INFO:osjs.Server:main: jetty-9.4.3.v20170317
2017-07-10 02:44:41.855:INFO:osjsh.ContextHandler:main: Started o.s.j.s.ServletContextHandler@475530b9{/,null,AVAILABLE}
2017-07-10 02:44:41.869:INFO:osjs.AbstractConnector:main: Started ServerConnector@548e7350{HTTP/1.1,[http/1.1]}{0.0.0.0:4444}
2017-07-10 02:44:41.872:INFO:osjs.Server:main: Started @350ms
02:44:41.872 INFO - Selenium Server is up and running
02:44:42.082 INFO - SessionCleaner initialized with insideBrowserTimeout 0 and clientGoneTimeout 1800000 polling every 180000
02:44:42.107 INFO - Executing: [new session: Capabilities [{acceptSslCerts=true, marionette=true, name=Test, browserName=firefox, javascriptEnabled=true, platform=ANY}]])
02:44:42.127 INFO - Creating a new session for Capabilities [{acceptSslCerts=true, marionette=true, name=Test, browserName=firefox, javascriptEnabled=true, platform=ANY}]
1499625882455	geckodriver	INFO	Listening on 127.0.0.1:4959
1499625882628	geckodriver::marionette	INFO	Starting browser /usr/lib/firefox/firefox with args ["-marionette"]
1499625884288	Marionette	INFO	Listening on port 35696
02:44:44.407 INFO - Detected dialect: W3C
02:44:44.439 INFO - Done: [new session: Capabilities [{acceptSslCerts=true, marionette=true, name=Test, browserName=firefox, javascriptEnabled=true, platform=ANY}]]
02:44:44.454 INFO - Executing: [get: https://abba22.atlassian.net/wiki/display/])
02:44:48.213 INFO - Done: [get: https://abba22.atlassian.net/wiki/display/]
02:44:48.220 INFO - Executing: [find elements: By.cssSelector: body])
02:44:48.246 INFO - Done: [find elements: By.cssSelector: body]
02:44:48.277 INFO - Executing: [is displayed: 0 [[FirefoxDriver: firefox on ANY (0fdc5b59-2594-4dc5-93ec-f733b0b5c7d8)] -> css selector: body]])
02:44:48.321 INFO - Done: [is displayed: 0 [[FirefoxDriver: firefox on ANY (0fdc5b59-2594-4dc5-93ec-f733b0b5c7d8)] -> css selector: body]]
02:44:48.326 INFO - Executing: [find element: By.cssSelector: input#username])
02:44:48.333 INFO - Done: [find element: By.cssSelector: input#username]
02:44:48.337 INFO - Executing: [send keys: 1 [[FirefoxDriver: firefox on ANY (0fdc5b59-2594-4dc5-93ec-f733b0b5c7d8)] -> css selector: input#username], [s, f, o, r, c, e, ., r, k, t, 5, 4, @, g, m, a, i, l, ., c, o, m]])
02:44:48.392 INFO - Done: [send keys: 1 [[FirefoxDriver: firefox on ANY (0fdc5b59-2594-4dc5-93ec-f733b0b5c7d8)] -> css selector: input#username], [s, f, o, r, c, e, ., r, k, t, 5, 4, @, g, m, a, i, l, ., c, o, m]]
02:44:48.396 INFO - Executing: [find element: By.cssSelector: button#login-submit])
02:44:48.402 INFO - Done: [find element: By.cssSelector: button#login-submit]
02:44:48.406 INFO - Executing: [click: 2 [[FirefoxDriver: firefox on ANY (0fdc5b59-2594-4dc5-93ec-f733b0b5c7d8)] -> css selector: button#login-submit]])
02:44:48.649 INFO - Done: [click: 2 [[FirefoxDriver: firefox on ANY (0fdc5b59-2594-4dc5-93ec-f733b0b5c7d8)] -> css selector: button#login-submit]]
02:44:48.653 INFO - Executing: [find elements: By.cssSelector: input#password])
02:44:48.661 INFO - Done: [find elements: By.cssSelector: input#password]
02:44:48.665 INFO - Executing: [is displayed: 3 [[FirefoxDriver: firefox on ANY (0fdc5b59-2594-4dc5-93ec-f733b0b5c7d8)] -> css selector: input#password]])
02:44:48.698 INFO - Done: [is displayed: 3 [[FirefoxDriver: firefox on ANY (0fdc5b59-2594-4dc5-93ec-f733b0b5c7d8)] -> css selector: input#password]]
02:44:49.203 INFO - Executing: [is displayed: 3 [[FirefoxDriver: firefox on ANY (0fdc5b59-2594-4dc5-93ec-f733b0b5c7d8)] -> css selector: input#password]])
02:44:49.252 INFO - Done: [is displayed: 3 [[FirefoxDriver: firefox on ANY (0fdc5b59-2594-4dc5-93ec-f733b0b5c7d8)] -> css selector: input#password]]
02:44:49.256 INFO - Executing: [find element: By.cssSelector: input#password])
02:44:49.266 INFO - Done: [find element: By.cssSelector: input#password]
02:44:49.275 INFO - Executing: [send keys: 3 [[FirefoxDriver: firefox on ANY (0fdc5b59-2594-4dc5-93ec-f733b0b5c7d8)] -> css selector: input#password], [t, e, s, t, u, s, e, r]])
02:44:49.302 INFO - Done: [send keys: 3 [[FirefoxDriver: firefox on ANY (0fdc5b59-2594-4dc5-93ec-f733b0b5c7d8)] -> css selector: input#password], [t, e, s, t, u, s, e, r]]
02:44:49.307 INFO - Executing: [find element: By.cssSelector: button#login-submit])
02:44:49.312 INFO - Done: [find element: By.cssSelector: button#login-submit]
02:44:49.315 INFO - Executing: [click: 2 [[FirefoxDriver: firefox on ANY (0fdc5b59-2594-4dc5-93ec-f733b0b5c7d8)] -> css selector: button#login-submit]])
02:44:50.780 INFO - Done: [click: 2 [[FirefoxDriver: firefox on ANY (0fdc5b59-2594-4dc5-93ec-f733b0b5c7d8)] -> css selector: button#login-submit]]
02:44:50.784 INFO - Executing: [find elements: By.cssSelector: body])
02:44:50.792 INFO - Done: [find elements: By.cssSelector: body]
02:44:50.795 INFO - Executing: [is displayed: 4 [[FirefoxDriver: firefox on ANY (0fdc5b59-2594-4dc5-93ec-f733b0b5c7d8)] -> css selector: body]])
02:44:50.872 INFO - Done: [is displayed: 4 [[FirefoxDriver: firefox on ANY (0fdc5b59-2594-4dc5-93ec-f733b0b5c7d8)] -> css selector: body]]
02:44:56.880 INFO - Executing: [find element: By.cssSelector: #quick-create-page-button])
02:44:56.894 INFO - Done: [find element: By.cssSelector: #quick-create-page-button]
02:44:56.897 INFO - Executing: [click: 5 [[FirefoxDriver: firefox on ANY (0fdc5b59-2594-4dc5-93ec-f733b0b5c7d8)] -> css selector: #quick-create-page-button]])
02:44:59.999 INFO - Done: [click: 5 [[FirefoxDriver: firefox on ANY (0fdc5b59-2594-4dc5-93ec-f733b0b5c7d8)] -> css selector: #quick-create-page-button]]
02:45:00.003 INFO - Executing: [find elements: By.cssSelector: body])
02:45:00.025 INFO - Done: [find elements: By.cssSelector: body]
02:45:00.030 INFO - Executing: [is displayed: 6 [[FirefoxDriver: firefox on ANY (0fdc5b59-2594-4dc5-93ec-f733b0b5c7d8)] -> css selector: body]])
02:45:00.078 INFO - Done: [is displayed: 6 [[FirefoxDriver: firefox on ANY (0fdc5b59-2594-4dc5-93ec-f733b0b5c7d8)] -> css selector: body]]
02:45:00.081 INFO - Executing: [find element: By.cssSelector: input#content-title])
02:45:00.091 INFO - Done: [find element: By.cssSelector: input#content-title]
02:45:00.095 INFO - Executing: [send keys: 7 [[FirefoxDriver: firefox on ANY (0fdc5b59-2594-4dc5-93ec-f733b0b5c7d8)] -> css selector: input#content-title], [t, e, s, t, d, r, a, f, t, 3, 2, 3, 2]])
02:45:00.225 INFO - Done: [send keys: 7 [[FirefoxDriver: firefox on ANY (0fdc5b59-2594-4dc5-93ec-f733b0b5c7d8)] -> css selector: input#content-title], [t, e, s, t, d, r, a, f, t, 3, 2, 3, 2]]
02:45:00.230 INFO - Executing: [find element: By.cssSelector: body])
02:45:00.237 INFO - Done: [find element: By.cssSelector: body]
02:45:00.239 INFO - Executing: [click: 6 [[FirefoxDriver: firefox on ANY (0fdc5b59-2594-4dc5-93ec-f733b0b5c7d8)] -> css selector: body]])
02:45:00.490 INFO - Done: [click: 6 [[FirefoxDriver: firefox on ANY (0fdc5b59-2594-4dc5-93ec-f733b0b5c7d8)] -> css selector: body]]
02:45:03.495 INFO - Executing: [find element: By.cssSelector: #rte-button-insert])
02:45:03.505 INFO - Done: [find element: By.cssSelector: #rte-button-insert]
02:45:03.509 INFO - Executing: [click: 8 [[FirefoxDriver: firefox on ANY (0fdc5b59-2594-4dc5-93ec-f733b0b5c7d8)] -> css selector: #rte-button-insert]])
02:45:03.755 INFO - Done: [click: 8 [[FirefoxDriver: firefox on ANY (0fdc5b59-2594-4dc5-93ec-f733b0b5c7d8)] -> css selector: #rte-button-insert]]
02:45:03.759 INFO - Executing: [find element: By.cssSelector: #google-drive-connector])
02:45:03.770 INFO - Done: [find element: By.cssSelector: #google-drive-connector]
02:45:03.774 INFO - Executing: [click: 9 [[FirefoxDriver: firefox on ANY (0fdc5b59-2594-4dc5-93ec-f733b0b5c7d8)] -> css selector: #google-drive-connector]])
02:45:04.049 INFO - Done: [click: 9 [[FirefoxDriver: firefox on ANY (0fdc5b59-2594-4dc5-93ec-f733b0b5c7d8)] -> css selector: #google-drive-connector]]
JavaScript error: https://aui-cdn.atlassian.com/aui-adg/5.8.12/js/aui-experimental.js, line 2506: ReferenceError: define is not defined
02:45:08.054 INFO - Executing: [switch to frame: 1])
02:45:08.073 INFO - Done: [switch to frame: 1]
02:45:11.081 INFO - Executing: [find elements: By.cssSelector: div#editor])
02:45:11.126 INFO - Done: [find elements: By.cssSelector: div#editor]
02:45:11.129 INFO - Executing: [find element: By.cssSelector: #launch-picker])
02:45:11.139 INFO - Done: [find element: By.cssSelector: #launch-picker]
02:45:11.143 INFO - Executing: [click: 11 [[FirefoxDriver: firefox on ANY (0fdc5b59-2594-4dc5-93ec-f733b0b5c7d8)] -> css selector: #launch-picker]])
02:45:11.564 INFO - Done: [click: 11 [[FirefoxDriver: firefox on ANY (0fdc5b59-2594-4dc5-93ec-f733b0b5c7d8)] -> css selector: #launch-picker]]
02:45:16.571 INFO - Executing: [get window handles])
02:45:16.580 INFO - Done: [get window handles]
02:45:16.586 INFO - Executing: [switch to window: 55])
02:45:16.601 INFO - Done: [switch to window: 55]
02:45:16.603 INFO - Executing: [find elements: By.cssSelector: div#view_container])
02:45:16.613 INFO - Done: [find elements: By.cssSelector: div#view_container]
02:45:16.617 INFO - Executing: [find element: By.cssSelector: input#identifierId])
02:45:16.624 INFO - Done: [find element: By.cssSelector: input#identifierId]
02:45:16.628 INFO - Executing: [send keys: 13 [[FirefoxDriver: firefox on ANY (0fdc5b59-2594-4dc5-93ec-f733b0b5c7d8)] -> css selector: input#identifierId], [s, f, o, r, c, e, ., r, k, t, 5, 4, @, g, m, a, i, l, ., c, o, m]])
02:45:16.844 INFO - Done: [send keys: 13 [[FirefoxDriver: firefox on ANY (0fdc5b59-2594-4dc5-93ec-f733b0b5c7d8)] -> css selector: input#identifierId], [s, f, o, r, c, e, ., r, k, t, 5, 4, @, g, m, a, i, l, ., c, o, m]]
02:45:16.847 INFO - Executing: [send keys to active: [î€‡]])
02:45:16.850 WARN - Exception thrown
org.openqa.selenium.UnsupportedCommandException: sendKeysToActiveElement
Build info: version: '3.4.0', revision: 'unknown', time: 'unknown'
System info: host: 'it-Latitude-E7450', ip: '127.0.1.1', os.name: 'Linux', os.arch: 'amd64', os.version: '4.4.0-83-generic', java.version: '1.8.0_131'
Driver info: driver.version: RemoteWebDriver
	at org.openqa.selenium.remote.http.AbstractHttpCommandCodec.encode(AbstractHttpCommandCodec.java:220)
	at org.openqa.selenium.remote.http.AbstractHttpCommandCodec.encode(AbstractHttpCommandCodec.java:118)
	at org.openqa.selenium.remote.HttpCommandExecutor.execute(HttpCommandExecutor.java:158)
	at org.openqa.selenium.remote.service.DriverCommandExecutor.execute(DriverCommandExecutor.java:82)
	at org.openqa.selenium.remote.RemoteWebDriver.execute(RemoteWebDriver.java:637)
	at org.openqa.selenium.remote.RemoteExecuteMethod.execute(RemoteExecuteMethod.java:35)
	at org.openqa.selenium.remote.RemoteKeyboard.sendKeys(RemoteKeyboard.java:35)
	at org.openqa.selenium.support.events.internal.EventFiringKeyboard.sendKeys(EventFiringKeyboard.java:42)
	at org.openqa.selenium.remote.server.handler.interactions.SendKeyToActiveElement.call(SendKeyToActiveElement.java:56)
	at org.openqa.selenium.remote.server.handler.interactions.SendKeyToActiveElement.call(SendKeyToActiveElement.java:31)
	at java.util.concurrent.FutureTask.run(FutureTask.java:266)
	at org.openqa.selenium.remote.server.DefaultSession$1.run(DefaultSession.java:176)
	at java.util.concurrent.ThreadPoolExecutor.runWorker(ThreadPoolExecutor.java:1142)
	at java.util.concurrent.ThreadPoolExecutor$Worker.run(ThreadPoolExecutor.java:617)
	at java.lang.Thread.run(Thread.java:748)
02:45:16.852 WARN - Exception: sendKeysToActiveElement
Build info: version: '3.4.0', revision: 'unknown', time: 'unknown'
System info: host: 'it-Latitude-E7450', ip: '127.0.1.1', os.name: 'Linux', os.arch: 'amd64', os.version: '4.4.0-83-generic', java.version: '1.8.0_131'
Driver info: driver.version: RemoteWebDriver
02:45:22.870 INFO - Executing: [switch to frame: 1])
02:45:22.882 WARN - Exception thrown
org.openqa.selenium.NoSuchFrameException: Unable to locate frame: 1
Build info: version: '3.4.0', revision: 'unknown', time: 'unknown'
System info: host: 'it-Latitude-E7450', ip: '127.0.1.1', os.name: 'Linux', os.arch: 'amd64', os.version: '4.4.0-83-generic', java.version: '1.8.0_131'
Driver info: org.openqa.selenium.firefox.FirefoxDriver
Capabilities [{moz:profile=/tmp/rust_mozprofile.GcDIpaAikl2y, rotatable=false, timeouts={implicit=0.0, pageLoad=300000.0, script=30000.0}, pageLoadStrategy=normal, platform=ANY, specificationLevel=0.0, moz:accessibilityChecks=false, acceptInsecureCerts=false, browserVersion=54.0, platformVersion=4.4.0-83-generic, moz:processID=28196.0, browserName=firefox, javascriptEnabled=true, platformName=linux}]
Session ID: 0fdc5b59-2594-4dc5-93ec-f733b0b5c7d8
	at sun.reflect.NativeConstructorAccessorImpl.newInstance0(Native Method)
	at sun.reflect.NativeConstructorAccessorImpl.newInstance(NativeConstructorAccessorImpl.java:62)
	at sun.reflect.DelegatingConstructorAccessorImpl.newInstance(DelegatingConstructorAccessorImpl.java:45)
	at java.lang.reflect.Constructor.newInstance(Constructor.java:423)
	at org.openqa.selenium.remote.http.W3CHttpResponseCodec.createException(W3CHttpResponseCodec.java:150)
	at org.openqa.selenium.remote.http.W3CHttpResponseCodec.decode(W3CHttpResponseCodec.java:115)
	at org.openqa.selenium.remote.http.W3CHttpResponseCodec.decode(W3CHttpResponseCodec.java:45)
	at org.openqa.selenium.remote.HttpCommandExecutor.execute(HttpCommandExecutor.java:164)
	at org.openqa.selenium.remote.service.DriverCommandExecutor.execute(DriverCommandExecutor.java:82)
	at org.openqa.selenium.remote.RemoteWebDriver.execute(RemoteWebDriver.java:637)
	at org.openqa.selenium.remote.RemoteWebDriver$RemoteTargetLocator.frame(RemoteWebDriver.java:960)
	at org.openqa.selenium.support.events.EventFiringWebDriver$EventFiringTargetLocator.frame(EventFiringWebDriver.java:584)
	at org.openqa.selenium.remote.server.handler.SwitchToFrame.call(SwitchToFrame.java:48)
	at org.openqa.selenium.remote.server.handler.SwitchToFrame.call(SwitchToFrame.java:27)
	at java.util.concurrent.FutureTask.run(FutureTask.java:266)
	at org.openqa.selenium.remote.server.DefaultSession$1.run(DefaultSession.java:176)
	at java.util.concurrent.ThreadPoolExecutor.runWorker(ThreadPoolExecutor.java:1142)
	at java.util.concurrent.ThreadPoolExecutor$Worker.run(ThreadPoolExecutor.java:617)
	at java.lang.Thread.run(Thread.java:748)
02:45:22.882 WARN - Exception: Unable to locate frame: 1
Build info: version: '3.4.0', revision: 'unknown', time: 'unknown'
System info: host: 'it-Latitude-E7450', ip: '127.0.1.1', os.name: 'Linux', os.arch: 'amd64', os.version: '4.4.0-83-generic', java.version: '1.8.0_131'
Driver info: org.openqa.selenium.firefox.FirefoxDriver
Capabilities [{moz:profile=/tmp/rust_mozprofile.GcDIpaAikl2y, rotatable=false, timeouts={implicit=0.0, pageLoad=300000.0, script=30000.0}, pageLoadStrategy=normal, platform=ANY, specificationLevel=0.0, moz:accessibilityChecks=false, acceptInsecureCerts=false, browserVersion=54.0, platformVersion=4.4.0-83-generic, moz:processID=28196.0, browserName=firefox, javascriptEnabled=true, platformName=linux}]
Session ID: 0fdc5b59-2594-4dc5-93ec-f733b0b5c7d8
02:45:22.892 INFO - Executing: [delete session: f83a690a-0312-4be9-bff2-303e0ee1d9c2])
1499625922907	Marionette	INFO	New connections will no longer be accepted
02:45:23.514 INFO - Done: [delete session: f83a690a-0312-4be9-bff2-303e0ee1d9c2]
